2019-09-27 19:44:21,597 [INFO ]--[43a461c98a4145e49cc9df1111328fcd] n.a.h.t.j.e.s.TransferJobExecutorApplication 654 -- No active profile set, falling back to default profiles: default
2019-09-27 19:44:22,535 [DEBUG]--[43a461c98a4145e49cc9df1111328fcd] o.m.spring.mapper.ClassPathMapperScanner 437 -- Identified candidate component class: file [G:\hydra-transfer-job-executor\hydra-transfer-job-executor\hydra-transfer-job-executor-server\target\classes\net\app315\hydra\transfer\job\executor\server\mapper\SyscorpMapper.class]
2019-09-27 19:44:22,536 [DEBUG]--[43a461c98a4145e49cc9df1111328fcd] o.m.spring.mapper.ClassPathMapperScanner 49 -- Creating MapperFactoryBean with name 'syscorpMapper' and 'net.app315.hydra.transfer.job.executor.server.mysql.mapper.SyscorpMapper' mapperInterface
2019-09-27 19:44:29,096 [DEBUG]--[43a461c98a4145e49cc9df1111328fcd] org.mybatis.spring.SqlSessionFactoryBean 49 -- Parsed mapper file: 'file [G:\hydra-transfer-job-executor\hydra-transfer-job-executor\hydra-transfer-job-executor-server\target\classes\mapper\SyscorpMapper.xml]'
2019-09-27 19:44:34,225 [INFO ]--[43a461c98a4145e49cc9df1111328fcd] n.a.h.t.j.e.s.r.c.ExampleConsumerMqConfig 50 -- test consumer is start !!! groupName:A-TO-B,topic:A-TO-B,namesrvAddr:rocketmq:9876
2019-09-27 19:44:34,548 [INFO ]--[43a461c98a4145e49cc9df1111328fcd] n.a.h.t.j.e.s.r.p.ExampleProducerMqConfig 40 -- bill producer is start ! groupName:[A-TO-BILL],namesrvAddr:[rocketmq:9876]
2019-09-27 19:44:40,344 [INFO ]--[43a461c98a4145e49cc9df1111328fcd] n.a.h.t.j.e.s.TransferJobExecutorApplication 59 -- Started TransferJobExecutorApplication in 63.644 seconds (JVM running for 67.367)
2019-09-27 19:48:45,572 [INFO ]--[3b7081aa2e144350b63933739333803f] n.a.h.t.j.e.s.TransferJobExecutorApplication 654 -- No active profile set, falling back to default profiles: default
2019-09-27 19:48:46,397 [DEBUG]--[3b7081aa2e144350b63933739333803f] o.m.spring.mapper.ClassPathMapperScanner 437 -- Identified candidate component class: file [G:\hydra-transfer-job-executor\hydra-transfer-job-executor\hydra-transfer-job-executor-server\target\classes\net\app315\hydra\transfer\job\executor\server\mapper\SyscorpMapper.class]
2019-09-27 19:48:46,397 [DEBUG]--[3b7081aa2e144350b63933739333803f] o.m.spring.mapper.ClassPathMapperScanner 49 -- Creating MapperFactoryBean with name 'syscorpMapper' and 'net.app315.hydra.transfer.job.executor.server.mysql.mapper.SyscorpMapper' mapperInterface
2019-09-27 19:48:49,312 [DEBUG]--[3b7081aa2e144350b63933739333803f] org.mybatis.spring.SqlSessionFactoryBean 49 -- Parsed mapper file: 'file [G:\hydra-transfer-job-executor\hydra-transfer-job-executor\hydra-transfer-job-executor-server\target\classes\mapper\SyscorpMapper.xml]'
2019-09-27 19:48:55,322 [INFO ]--[3b7081aa2e144350b63933739333803f] n.a.h.t.j.e.s.r.c.ExampleConsumerMqConfig 50 -- test consumer is start !!! groupName:A-TO-B,topic:A-TO-B,namesrvAddr:rocketmq:9876
2019-09-27 19:48:55,623 [INFO ]--[3b7081aa2e144350b63933739333803f] n.a.h.t.j.e.s.r.p.ExampleProducerMqConfig 40 -- bill producer is start ! groupName:[A-TO-BILL],namesrvAddr:[rocketmq:9876]
2019-09-27 19:49:00,268 [INFO ]--[3b7081aa2e144350b63933739333803f] n.a.h.t.j.e.s.TransferJobExecutorApplication 59 -- Started TransferJobExecutorApplication in 58.6 seconds (JVM running for 62.091)
2019-09-27 19:50:24,778 [INFO ]--[3b7081aa2e144350b63933739333803f] n.a.h.t.j.e.server.util.AspectUtil 28 -- AuthenticationController.check开始
2019-09-27 19:50:24,781 [INFO ]--[3b7081aa2e144350b63933739333803f] n.a.h.t.j.e.server.util.AspectUtil 33 -- 方法请求参数 : AuthenticationController.check([])
2019-09-27 19:50:24,815 [INFO ]--[3b7081aa2e144350b63933739333803f] n.a.h.t.j.e.server.util.AspectUtil 28 -- $Proxy120.selectList开始
2019-09-27 19:50:24,816 [INFO ]--[3b7081aa2e144350b63933739333803f] n.a.h.t.j.e.server.util.AspectUtil 33 -- 方法请求参数 : $Proxy120.selectList([com.baomidou.mybatisplus.core.toolkit.Wrappers$EmptyWrapper@56bdfa5f])
2019-09-27 19:50:24,829 [DEBUG]--[3b7081aa2e144350b63933739333803f] org.mybatis.spring.SqlSessionUtils 49 -- Creating a new SqlSession
2019-09-27 19:50:24,840 [DEBUG]--[3b7081aa2e144350b63933739333803f] org.mybatis.spring.SqlSessionUtils 49 -- SqlSession [org.apache.ibatis.session.defaults.DefaultSqlSession@2e030e07] was not registered for synchronization because synchronization is not active
2019-09-27 19:50:24,883 [DEBUG]--[3b7081aa2e144350b63933739333803f] o.m.s.t.SpringManagedTransaction 49 -- JDBC Connection [com.alibaba.druid.proxy.jdbc.ConnectionProxyImpl@2b477c20] will not be managed by Spring
2019-09-27 19:50:24,896 [DEBUG]--[3b7081aa2e144350b63933739333803f] n.a.h.t.j.e.s.m.SyscorpMapper.selectList 159 -- ==>  Preparing: SELECT corp_id,corp_name,corp_code,manager,manger_phone,phone,address,email,post_code,fax,web_site,region_code,longitude,latitude,mall_template_id,mall_logo,mall_name,mall_info,license_img,organize_img,tax_img,wei_xin_app_id,wei_xin_app_secret,wei_xin_pay_sign_key,alipay_id,alipay_id_status,qualification,status,audit_info,audit_submit_time,audit_pass_time,note,create_by,create_time,last_update_by,last_update_time,corp_type,operators_id,expiry_date,tao_bao_id,source,province,city,district,zoom,system_setting_id,industry_type_id,add_to_sub_sys_landing,page_theme_id,logo_image,back_image,logo_title,option_edit_power,selected_systems,is_use_default_system_setting AS useDefaultSystemSetting FROM SysCorp 
2019-09-27 19:50:24,981 [DEBUG]--[3b7081aa2e144350b63933739333803f] n.a.h.t.j.e.s.m.SyscorpMapper.selectList 159 -- ==> Parameters: 
2019-09-27 19:50:25,079 [DEBUG]--[3b7081aa2e144350b63933739333803f] n.a.h.t.j.e.s.m.SyscorpMapper.selectList 159 -- <==      Total: 423
2019-09-27 19:50:25,081 [DEBUG]--[3b7081aa2e144350b63933739333803f] org.mybatis.spring.SqlSessionUtils 49 -- Closing non transactional SqlSession [org.apache.ibatis.session.defaults.DefaultSqlSession@2e030e07]
2019-09-27 20:08:55,670 [INFO ]--[2e00c5d4f198432ea5c0fe6096a7ed2a] n.a.h.t.j.e.s.TransferJobExecutorApplication 654 -- No active profile set, falling back to default profiles: default
2019-09-27 20:08:56,428 [DEBUG]--[2e00c5d4f198432ea5c0fe6096a7ed2a] o.m.spring.mapper.ClassPathMapperScanner 437 -- Identified candidate component class: file [G:\hydra-transfer-job-executor\hydra-transfer-job-executor\hydra-transfer-job-executor-server\target\classes\net\app315\hydra\transfer\job\executor\server\mapper\SyscorpMapper.class]
2019-09-27 20:08:56,429 [DEBUG]--[2e00c5d4f198432ea5c0fe6096a7ed2a] o.m.spring.mapper.ClassPathMapperScanner 49 -- Creating MapperFactoryBean with name 'syscorpMapper' and 'net.app315.hydra.transfer.job.executor.server.mysql.mapper.SyscorpMapper' mapperInterface
2019-09-27 20:08:58,907 [DEBUG]--[2e00c5d4f198432ea5c0fe6096a7ed2a] org.mybatis.spring.SqlSessionFactoryBean 49 -- Parsed mapper file: 'file [G:\hydra-transfer-job-executor\hydra-transfer-job-executor\hydra-transfer-job-executor-server\target\classes\mapper\SyscorpMapper.xml]'
2019-09-27 20:13:38,622 [INFO ]--[32eb94a372364444b22d09ab9eb471f3] n.a.h.t.j.e.s.TransferJobExecutorApplication 654 -- No active profile set, falling back to default profiles: default
2019-09-27 20:13:39,327 [DEBUG]--[32eb94a372364444b22d09ab9eb471f3] o.m.spring.mapper.ClassPathMapperScanner 437 -- Identified candidate component class: file [G:\hydra-transfer-job-executor\hydra-transfer-job-executor\hydra-transfer-job-executor-server\target\classes\net\app315\hydra\transfer\job\executor\server\mapper\SyscorpMapper.class]
2019-09-27 20:13:39,328 [DEBUG]--[32eb94a372364444b22d09ab9eb471f3] o.m.spring.mapper.ClassPathMapperScanner 49 -- Creating MapperFactoryBean with name 'syscorpMapper' and 'net.app315.hydra.transfer.job.executor.server.mysql.mapper.SyscorpMapper' mapperInterface
2019-09-27 20:13:41,787 [DEBUG]--[32eb94a372364444b22d09ab9eb471f3] org.mybatis.spring.SqlSessionFactoryBean 49 -- Parsed mapper file: 'file [G:\hydra-transfer-job-executor\hydra-transfer-job-executor\hydra-transfer-job-executor-server\target\classes\mapper\SyscorpMapper.xml]'
2019-09-27 20:15:50,399 [INFO ]--[f4f5e0c074924e3d945b84959e1a2a6b] n.a.h.t.j.e.s.TransferJobExecutorApplication 654 -- No active profile set, falling back to default profiles: default
2019-09-27 20:15:51,067 [DEBUG]--[f4f5e0c074924e3d945b84959e1a2a6b] o.m.spring.mapper.ClassPathMapperScanner 437 -- Identified candidate component class: file [G:\hydra-transfer-job-executor\hydra-transfer-job-executor\hydra-transfer-job-executor-server\target\classes\net\app315\hydra\transfer\job\executor\server\mapper\SyscorpMapper.class]
2019-09-27 20:15:51,068 [DEBUG]--[f4f5e0c074924e3d945b84959e1a2a6b] o.m.spring.mapper.ClassPathMapperScanner 49 -- Creating MapperFactoryBean with name 'syscorpMapper' and 'net.app315.hydra.transfer.job.executor.server.mysql.mapper.SyscorpMapper' mapperInterface
2019-09-27 20:15:53,516 [DEBUG]--[f4f5e0c074924e3d945b84959e1a2a6b] org.mybatis.spring.SqlSessionFactoryBean 49 -- Parsed mapper file: 'file [G:\hydra-transfer-job-executor\hydra-transfer-job-executor\hydra-transfer-job-executor-server\target\classes\mapper\SyscorpMapper.xml]'
2019-09-27 20:15:58,985 [INFO ]--[f4f5e0c074924e3d945b84959e1a2a6b] n.a.h.t.j.e.s.r.c.ExampleConsumerMqConfig 50 -- test consumer is start !!! groupName:A-TO-B,topic:A-TO-B,namesrvAddr:rocketmq:9876
2019-09-27 20:15:59,306 [INFO ]--[f4f5e0c074924e3d945b84959e1a2a6b] n.a.h.t.j.e.s.r.p.ExampleProducerMqConfig 40 -- bill producer is start ! groupName:[A-TO-BILL],namesrvAddr:[rocketmq:9876]
2019-09-27 20:16:03,237 [INFO ]--[f4f5e0c074924e3d945b84959e1a2a6b] n.a.h.t.j.e.s.TransferJobExecutorApplication 59 -- Started TransferJobExecutorApplication in 56.666 seconds (JVM running for 59.215)
2019-09-27 20:27:13,509 [INFO ]--[da6bd6c2b6d14da38854e1044b5c289f] n.a.h.t.j.e.s.TransferJobExecutorApplication 654 -- No active profile set, falling back to default profiles: default
2019-09-27 20:27:14,161 [DEBUG]--[da6bd6c2b6d14da38854e1044b5c289f] o.m.spring.mapper.ClassPathMapperScanner 437 -- Identified candidate component class: file [G:\hydra-transfer-job-executor\hydra-transfer-job-executor\hydra-transfer-job-executor-server\target\classes\net\app315\hydra\transfer\job\executor\server\mapper\SyscorpMapper.class]
2019-09-27 20:27:14,161 [DEBUG]--[da6bd6c2b6d14da38854e1044b5c289f] o.m.spring.mapper.ClassPathMapperScanner 49 -- Creating MapperFactoryBean with name 'syscorpMapper' and 'net.app315.hydra.transfer.job.executor.server.mysql.mapper.SyscorpMapper' mapperInterface
2019-09-27 20:27:16,793 [DEBUG]--[da6bd6c2b6d14da38854e1044b5c289f] org.mybatis.spring.SqlSessionFactoryBean 49 -- Parsed mapper file: 'file [G:\hydra-transfer-job-executor\hydra-transfer-job-executor\hydra-transfer-job-executor-server\target\classes\mapper\SyscorpMapper.xml]'
2019-09-27 20:27:25,305 [INFO ]--[da6bd6c2b6d14da38854e1044b5c289f] n.a.h.t.j.e.s.r.c.ExampleConsumerMqConfig 50 -- test consumer is start !!! groupName:A-TO-B,topic:A-TO-B,namesrvAddr:rocketmq:9876
2019-09-27 20:27:25,638 [INFO ]--[da6bd6c2b6d14da38854e1044b5c289f] n.a.h.t.j.e.s.r.p.ExampleProducerMqConfig 40 -- bill producer is start ! groupName:[A-TO-BILL],namesrvAddr:[rocketmq:9876]
2019-09-27 20:27:29,726 [INFO ]--[da6bd6c2b6d14da38854e1044b5c289f] n.a.h.t.j.e.s.TransferJobExecutorApplication 59 -- Started TransferJobExecutorApplication in 60.458 seconds (JVM running for 63.098)
2019-09-27 20:30:35,843 [INFO ]--[659b815bef4c42339f9c2bdbe54d7203] n.a.h.t.j.e.s.TransferJobExecutorApplication 654 -- No active profile set, falling back to default profiles: default
2019-09-27 20:30:36,634 [DEBUG]--[659b815bef4c42339f9c2bdbe54d7203] o.m.spring.mapper.ClassPathMapperScanner 437 -- Identified candidate component class: file [G:\hydra-transfer-job-executor\hydra-transfer-job-executor\hydra-transfer-job-executor-server\target\classes\net\app315\hydra\transfer\job\executor\server\mapper\SyscorpMapper.class]
2019-09-27 20:30:36,635 [DEBUG]--[659b815bef4c42339f9c2bdbe54d7203] o.m.spring.mapper.ClassPathMapperScanner 49 -- Creating MapperFactoryBean with name 'syscorpMapper' and 'net.app315.hydra.transfer.job.executor.server.mysql.mapper.SyscorpMapper' mapperInterface
2019-09-27 20:30:40,574 [DEBUG]--[659b815bef4c42339f9c2bdbe54d7203] org.mybatis.spring.SqlSessionFactoryBean 49 -- Parsed mapper file: 'file [G:\hydra-transfer-job-executor\hydra-transfer-job-executor\hydra-transfer-job-executor-server\target\classes\mapper\SyscorpMapper.xml]'
2019-09-27 20:30:41,647 [INFO ]--[659b815bef4c42339f9c2bdbe54d7203] n.a.h.t.j.e.server.config.XxlJobConfig 43 -- >>>>>>>>>>> xxl-job config init.
2019-09-27 20:30:49,312 [INFO ]--[659b815bef4c42339f9c2bdbe54d7203] n.a.h.t.j.e.s.r.c.ExampleConsumerMqConfig 50 -- test consumer is start !!! groupName:A-TO-B,topic:A-TO-B,namesrvAddr:rocketmq:9876
2019-09-27 20:30:49,645 [INFO ]--[659b815bef4c42339f9c2bdbe54d7203] n.a.h.t.j.e.s.r.p.ExampleProducerMqConfig 40 -- bill producer is start ! groupName:[A-TO-BILL],namesrvAddr:[rocketmq:9876]
2019-09-27 20:30:54,186 [INFO ]--[659b815bef4c42339f9c2bdbe54d7203] n.a.h.t.j.e.s.TransferJobExecutorApplication 59 -- Started TransferJobExecutorApplication in 62.684 seconds (JVM running for 66.875)
2019-09-27 20:33:41,361 [INFO ]--[efca9afb885d46b9b884e6e594c31929] n.a.h.t.j.e.s.TransferJobExecutorApplication 654 -- No active profile set, falling back to default profiles: default
2019-09-27 20:33:42,014 [DEBUG]--[efca9afb885d46b9b884e6e594c31929] o.m.spring.mapper.ClassPathMapperScanner 437 -- Identified candidate component class: file [G:\hydra-transfer-job-executor\hydra-transfer-job-executor\hydra-transfer-job-executor-server\target\classes\net\app315\hydra\transfer\job\executor\server\mapper\SyscorpMapper.class]
2019-09-27 20:33:42,015 [DEBUG]--[efca9afb885d46b9b884e6e594c31929] o.m.spring.mapper.ClassPathMapperScanner 49 -- Creating MapperFactoryBean with name 'syscorpMapper' and 'net.app315.hydra.transfer.job.executor.server.mysql.mapper.SyscorpMapper' mapperInterface
2019-09-27 20:33:44,562 [DEBUG]--[efca9afb885d46b9b884e6e594c31929] org.mybatis.spring.SqlSessionFactoryBean 49 -- Parsed mapper file: 'file [G:\hydra-transfer-job-executor\hydra-transfer-job-executor\hydra-transfer-job-executor-server\target\classes\mapper\SyscorpMapper.xml]'
2019-09-27 20:33:45,530 [INFO ]--[efca9afb885d46b9b884e6e594c31929] n.a.h.t.j.e.server.config.XxlJobConfig 43 -- >>>>>>>>>>> xxl-job config init.
2019-09-27 20:33:49,804 [INFO ]--[efca9afb885d46b9b884e6e594c31929] n.a.h.t.j.e.s.r.c.ExampleConsumerMqConfig 50 -- test consumer is start !!! groupName:A-TO-B,topic:A-TO-B,namesrvAddr:rocketmq:9876
2019-09-27 20:33:50,152 [INFO ]--[efca9afb885d46b9b884e6e594c31929] n.a.h.t.j.e.s.r.p.ExampleProducerMqConfig 40 -- bill producer is start ! groupName:[A-TO-BILL],namesrvAddr:[rocketmq:9876]
2019-09-27 20:33:54,290 [INFO ]--[efca9afb885d46b9b884e6e594c31929] n.a.h.t.j.e.s.TransferJobExecutorApplication 59 -- Started TransferJobExecutorApplication in 57.332 seconds (JVM running for 59.787)
2019-09-27 20:45:33,273 [INFO ]--[77a2a2bfd83747bda8b5c74c1a087f42] n.a.h.t.j.e.s.TransferJobExecutorApplication 654 -- No active profile set, falling back to default profiles: default
2019-09-27 20:45:33,916 [DEBUG]--[77a2a2bfd83747bda8b5c74c1a087f42] o.m.spring.mapper.ClassPathMapperScanner 437 -- Identified candidate component class: file [G:\hydra-transfer-job-executor\hydra-transfer-job-executor\hydra-transfer-job-executor-server\target\classes\net\app315\hydra\transfer\job\executor\server\mapper\SyscorpMapper.class]
2019-09-27 20:45:33,918 [DEBUG]--[77a2a2bfd83747bda8b5c74c1a087f42] o.m.spring.mapper.ClassPathMapperScanner 49 -- Creating MapperFactoryBean with name 'syscorpMapper' and 'net.app315.hydra.transfer.job.executor.server.mysql.mapper.SyscorpMapper' mapperInterface
2019-09-27 20:45:36,655 [DEBUG]--[77a2a2bfd83747bda8b5c74c1a087f42] org.mybatis.spring.SqlSessionFactoryBean 49 -- Parsed mapper file: 'file [G:\hydra-transfer-job-executor\hydra-transfer-job-executor\hydra-transfer-job-executor-server\target\classes\mapper\SyscorpMapper.xml]'
2019-09-27 20:45:37,653 [INFO ]--[77a2a2bfd83747bda8b5c74c1a087f42] n.a.h.t.j.e.server.config.XxlJobConfig 43 -- >>>>>>>>>>> xxl-job config init.
2019-09-27 20:45:44,950 [INFO ]--[77a2a2bfd83747bda8b5c74c1a087f42] n.a.h.t.j.e.s.r.c.ExampleConsumerMqConfig 50 -- test consumer is start !!! groupName:A-TO-B,topic:A-TO-B,namesrvAddr:rocketmq:9876
2019-09-27 20:45:45,459 [INFO ]--[77a2a2bfd83747bda8b5c74c1a087f42] n.a.h.t.j.e.s.r.p.ExampleProducerMqConfig 40 -- bill producer is start ! groupName:[A-TO-BILL],namesrvAddr:[rocketmq:9876]
2019-09-27 20:45:49,289 [INFO ]--[77a2a2bfd83747bda8b5c74c1a087f42] n.a.h.t.j.e.s.TransferJobExecutorApplication 59 -- Started TransferJobExecutorApplication in 60.046 seconds (JVM running for 63.238)
2019-09-27 20:47:18,797 [INFO ]--[363348a10cce45edba1e69493113f60c] n.a.h.t.j.e.s.TransferJobExecutorApplication 654 -- No active profile set, falling back to default profiles: default
2019-09-27 20:47:19,549 [DEBUG]--[363348a10cce45edba1e69493113f60c] o.m.spring.mapper.ClassPathMapperScanner 437 -- Identified candidate component class: file [G:\hydra-transfer-job-executor\hydra-transfer-job-executor\hydra-transfer-job-executor-server\target\classes\net\app315\hydra\transfer\job\executor\server\mapper\SyscorpMapper.class]
2019-09-27 20:47:19,550 [DEBUG]--[363348a10cce45edba1e69493113f60c] o.m.spring.mapper.ClassPathMapperScanner 49 -- Creating MapperFactoryBean with name 'syscorpMapper' and 'net.app315.hydra.transfer.job.executor.server.mysql.mapper.SyscorpMapper' mapperInterface
2019-09-27 20:47:22,290 [DEBUG]--[363348a10cce45edba1e69493113f60c] org.mybatis.spring.SqlSessionFactoryBean 49 -- Parsed mapper file: 'file [G:\hydra-transfer-job-executor\hydra-transfer-job-executor\hydra-transfer-job-executor-server\target\classes\mapper\SyscorpMapper.xml]'
2019-09-27 20:47:23,225 [INFO ]--[363348a10cce45edba1e69493113f60c] n.a.h.t.j.e.server.config.XxlJobConfig 43 -- >>>>>>>>>>> xxl-job config init.
2019-09-27 20:47:30,721 [INFO ]--[363348a10cce45edba1e69493113f60c] n.a.h.t.j.e.s.r.c.ExampleConsumerMqConfig 50 -- test consumer is start !!! groupName:A-TO-B,topic:A-TO-B,namesrvAddr:rocketmq:9876
2019-09-27 20:47:31,029 [INFO ]--[363348a10cce45edba1e69493113f60c] n.a.h.t.j.e.s.r.p.ExampleProducerMqConfig 40 -- bill producer is start ! groupName:[A-TO-BILL],namesrvAddr:[rocketmq:9876]
2019-09-27 20:47:35,104 [INFO ]--[363348a10cce45edba1e69493113f60c] n.a.h.t.j.e.s.TransferJobExecutorApplication 59 -- Started TransferJobExecutorApplication in 60.494 seconds (JVM running for 63.028)
2019-09-27 20:49:35,455 [INFO ]--[65201435c6f1436492dea6f1457c56fa] n.a.h.t.j.e.s.TransferJobExecutorApplication 654 -- No active profile set, falling back to default profiles: default
2019-09-27 20:49:36,227 [DEBUG]--[65201435c6f1436492dea6f1457c56fa] o.m.spring.mapper.ClassPathMapperScanner 437 -- Identified candidate component class: file [G:\hydra-transfer-job-executor\hydra-transfer-job-executor\hydra-transfer-job-executor-server\target\classes\net\app315\hydra\transfer\job\executor\server\mapper\SyscorpMapper.class]
2019-09-27 20:49:36,229 [DEBUG]--[65201435c6f1436492dea6f1457c56fa] o.m.spring.mapper.ClassPathMapperScanner 49 -- Creating MapperFactoryBean with name 'syscorpMapper' and 'net.app315.hydra.transfer.job.executor.server.mysql.mapper.SyscorpMapper' mapperInterface
2019-09-27 20:49:38,862 [DEBUG]--[65201435c6f1436492dea6f1457c56fa] org.mybatis.spring.SqlSessionFactoryBean 49 -- Parsed mapper file: 'file [G:\hydra-transfer-job-executor\hydra-transfer-job-executor\hydra-transfer-job-executor-server\target\classes\mapper\SyscorpMapper.xml]'
2019-09-27 20:49:39,694 [INFO ]--[65201435c6f1436492dea6f1457c56fa] n.a.h.t.j.e.server.config.XxlJobConfig 43 -- >>>>>>>>>>> xxl-job config init.
2019-09-27 20:49:44,096 [INFO ]--[65201435c6f1436492dea6f1457c56fa] n.a.h.t.j.e.s.r.c.ExampleConsumerMqConfig 50 -- test consumer is start !!! groupName:A-TO-B,topic:A-TO-B,namesrvAddr:rocketmq:9876
2019-09-27 20:49:44,431 [INFO ]--[65201435c6f1436492dea6f1457c56fa] n.a.h.t.j.e.s.r.p.ExampleProducerMqConfig 40 -- bill producer is start ! groupName:[A-TO-BILL],namesrvAddr:[rocketmq:9876]
2019-09-27 20:49:48,925 [INFO ]--[65201435c6f1436492dea6f1457c56fa] n.a.h.t.j.e.s.TransferJobExecutorApplication 59 -- Started TransferJobExecutorApplication in 57.456 seconds (JVM running for 59.822)
2019-09-27 20:56:09,789 [INFO ]--[28110e92c59c458c91696802f39f98ef] n.a.h.t.j.e.s.TransferJobExecutorApplication 654 -- No active profile set, falling back to default profiles: default
2019-09-27 20:56:10,482 [DEBUG]--[28110e92c59c458c91696802f39f98ef] o.m.spring.mapper.ClassPathMapperScanner 437 -- Identified candidate component class: file [G:\hydra-transfer-job-executor\hydra-transfer-job-executor\hydra-transfer-job-executor-server\target\classes\net\app315\hydra\transfer\job\executor\server\mapper\SyscorpMapper.class]
2019-09-27 20:56:10,483 [DEBUG]--[28110e92c59c458c91696802f39f98ef] o.m.spring.mapper.ClassPathMapperScanner 49 -- Creating MapperFactoryBean with name 'syscorpMapper' and 'net.app315.hydra.transfer.job.executor.server.mysql.mapper.SyscorpMapper' mapperInterface
2019-09-27 20:56:12,998 [DEBUG]--[28110e92c59c458c91696802f39f98ef] org.mybatis.spring.SqlSessionFactoryBean 49 -- Parsed mapper file: 'file [G:\hydra-transfer-job-executor\hydra-transfer-job-executor\hydra-transfer-job-executor-server\target\classes\mapper\SyscorpMapper.xml]'
2019-09-27 20:56:13,802 [INFO ]--[28110e92c59c458c91696802f39f98ef] n.a.h.t.j.e.server.config.XxlJobConfig 43 -- >>>>>>>>>>> xxl-job config init.
2019-09-27 20:56:18,104 [INFO ]--[28110e92c59c458c91696802f39f98ef] n.a.h.t.j.e.s.r.c.ExampleConsumerMqConfig 50 -- test consumer is start !!! groupName:A-TO-B,topic:A-TO-B,namesrvAddr:rocketmq:9876
2019-09-27 20:56:18,415 [INFO ]--[28110e92c59c458c91696802f39f98ef] n.a.h.t.j.e.s.r.p.ExampleProducerMqConfig 40 -- bill producer is start ! groupName:[A-TO-BILL],namesrvAddr:[rocketmq:9876]
2019-09-27 20:56:22,551 [INFO ]--[28110e92c59c458c91696802f39f98ef] n.a.h.t.j.e.s.TransferJobExecutorApplication 59 -- Started TransferJobExecutorApplication in 55.564 seconds (JVM running for 59.307)
2019-09-27 21:51:22,878 [INFO ]--[6bc94d421a774939918cfac862a1d8ff] n.a.h.t.j.e.s.TransferJobExecutorApplication 654 -- No active profile set, falling back to default profiles: default
2019-09-27 21:51:23,567 [DEBUG]--[6bc94d421a774939918cfac862a1d8ff] o.m.spring.mapper.ClassPathMapperScanner 437 -- Identified candidate component class: file [G:\hydra-transfer-job-executor\hydra-transfer-job-executor\hydra-transfer-job-executor-server\target\classes\net\app315\hydra\transfer\job\executor\server\mysql\mapper\SyscorpMapper.class]
2019-09-27 21:51:23,568 [DEBUG]--[6bc94d421a774939918cfac862a1d8ff] o.m.spring.mapper.ClassPathMapperScanner 49 -- Creating MapperFactoryBean with name 'syscorpMapper' and 'net.app315.hydra.transfer.job.executor.server.mysql.mapper.SyscorpMapper' mapperInterface
2019-09-27 21:51:26,457 [DEBUG]--[6bc94d421a774939918cfac862a1d8ff] org.mybatis.spring.SqlSessionFactoryBean 49 -- Parsed mapper file: 'file [G:\hydra-transfer-job-executor\hydra-transfer-job-executor\hydra-transfer-job-executor-server\target\classes\mapper\SyscorpMapper.xml]'
2019-09-27 21:51:27,378 [INFO ]--[6bc94d421a774939918cfac862a1d8ff] n.a.h.t.j.e.server.config.XxlJobConfig 43 -- >>>>>>>>>>> xxl-job config init.
2019-09-27 21:51:35,190 [INFO ]--[6bc94d421a774939918cfac862a1d8ff] n.a.h.t.j.e.s.r.c.ExampleConsumerMqConfig 50 -- test consumer is start !!! groupName:A-TO-B,topic:A-TO-B,namesrvAddr:rocketmq:9876
2019-09-27 21:51:35,482 [INFO ]--[6bc94d421a774939918cfac862a1d8ff] n.a.h.t.j.e.s.r.p.ExampleProducerMqConfig 40 -- bill producer is start ! groupName:[A-TO-BILL],namesrvAddr:[rocketmq:9876]
2019-09-27 21:51:40,885 [INFO ]--[6bc94d421a774939918cfac862a1d8ff] n.a.h.t.j.e.s.TransferJobExecutorApplication 59 -- Started TransferJobExecutorApplication in 59.943 seconds (JVM running for 67.521)
2019-09-27 21:55:49,960 [INFO ]--[4e4eeb725e5e4dc19eef45ae7403a58a] n.a.h.t.j.e.s.TransferJobExecutorApplication 654 -- No active profile set, falling back to default profiles: default
2019-09-27 21:55:52,398 [DEBUG]--[4e4eeb725e5e4dc19eef45ae7403a58a] o.m.spring.mapper.ClassPathMapperScanner 437 -- Identified candidate component class: file [G:\hydra-transfer-job-executor\hydra-transfer-job-executor\hydra-transfer-job-executor-server\target\classes\net\app315\hydra\transfer\job\executor\server\mysql\mapper\MSyscorpMapper.class]
2019-09-27 21:55:52,399 [DEBUG]--[4e4eeb725e5e4dc19eef45ae7403a58a] o.m.spring.mapper.ClassPathMapperScanner 49 -- Creating MapperFactoryBean with name 'MSyscorpMapper' and 'net.app315.hydra.transfer.job.executor.server.mysql.mapper.MSyscorpMapper' mapperInterface
2019-09-27 21:55:57,774 [DEBUG]--[4e4eeb725e5e4dc19eef45ae7403a58a] org.mybatis.spring.SqlSessionFactoryBean 49 -- Parsed mapper file: 'file [G:\hydra-transfer-job-executor\hydra-transfer-job-executor\hydra-transfer-job-executor-server\target\classes\mapper\MSyscorpMapper.xml]'
2019-09-27 21:55:59,420 [INFO ]--[4e4eeb725e5e4dc19eef45ae7403a58a] n.a.h.t.j.e.server.config.XxlJobConfig 43 -- >>>>>>>>>>> xxl-job config init.
2019-09-27 21:56:07,858 [INFO ]--[4e4eeb725e5e4dc19eef45ae7403a58a] n.a.h.t.j.e.s.r.c.ExampleConsumerMqConfig 50 -- test consumer is start !!! groupName:A-TO-B,topic:A-TO-B,namesrvAddr:rocketmq:9876
2019-09-27 21:56:08,138 [INFO ]--[4e4eeb725e5e4dc19eef45ae7403a58a] n.a.h.t.j.e.s.r.p.ExampleProducerMqConfig 40 -- bill producer is start ! groupName:[A-TO-BILL],namesrvAddr:[rocketmq:9876]
2019-09-27 21:56:12,182 [INFO ]--[4e4eeb725e5e4dc19eef45ae7403a58a] n.a.h.t.j.e.s.TransferJobExecutorApplication 59 -- Started TransferJobExecutorApplication in 64.452 seconds (JVM running for 67.019)
2019-09-27 21:56:18,517 [INFO ]--[4e4eeb725e5e4dc19eef45ae7403a58a] n.a.h.t.j.e.server.util.AspectUtil 28 -- $Proxy121.selectList开始
2019-09-27 21:56:18,518 [INFO ]--[4e4eeb725e5e4dc19eef45ae7403a58a] n.a.h.t.j.e.server.util.AspectUtil 33 -- 方法请求参数 : $Proxy121.selectList([com.baomidou.mybatisplus.core.toolkit.Wrappers$EmptyWrapper@265def14])
2019-09-27 21:56:18,529 [DEBUG]--[4e4eeb725e5e4dc19eef45ae7403a58a] org.mybatis.spring.SqlSessionUtils 49 -- Creating a new SqlSession
2019-09-27 21:56:18,538 [DEBUG]--[4e4eeb725e5e4dc19eef45ae7403a58a] org.mybatis.spring.SqlSessionUtils 49 -- SqlSession [org.apache.ibatis.session.defaults.DefaultSqlSession@56a1c694] was not registered for synchronization because synchronization is not active
2019-09-27 21:56:18,583 [DEBUG]--[4e4eeb725e5e4dc19eef45ae7403a58a] o.m.s.t.SpringManagedTransaction 49 -- JDBC Connection [com.alibaba.druid.proxy.jdbc.ConnectionProxyImpl@c433546] will not be managed by Spring
2019-09-27 21:56:18,596 [DEBUG]--[4e4eeb725e5e4dc19eef45ae7403a58a] n.a.h.t.j.e.s.m.m.M.selectList 159 -- ==>  Preparing: SELECT corp_id,corp_name,corp_code,manager,manger_phone,phone,address,email,post_code,fax,web_site,region_code,longitude,latitude,mall_template_id,mall_logo,mall_name,mall_info,license_img,organize_img,tax_img,wei_xin_app_id,wei_xin_app_secret,wei_xin_pay_sign_key,alipay_id,alipay_id_status,qualification,status,audit_info,audit_submit_time,audit_pass_time,note,create_by,create_time,last_update_by,last_update_time,corp_type,operators_id,expiry_date,tao_bao_id,source,province,city,district,zoom,system_setting_id,industry_type_id,add_to_sub_sys_landing,page_theme_id,logo_image,back_image,logo_title,option_edit_power,selected_systems,is_use_default_system_setting AS useDefaultSystemSetting FROM MSysCorp 
2019-09-27 21:56:18,640 [DEBUG]--[4e4eeb725e5e4dc19eef45ae7403a58a] n.a.h.t.j.e.s.m.m.M.selectList 159 -- ==> Parameters: 
2019-09-27 21:56:18,648 [DEBUG]--[4e4eeb725e5e4dc19eef45ae7403a58a] org.mybatis.spring.SqlSessionUtils 49 -- Closing non transactional SqlSession [org.apache.ibatis.session.defaults.DefaultSqlSession@56a1c694]
2019-09-27 21:57:58,969 [INFO ]--[6376b17b8ddd4714a62dce392abbfd14] n.a.h.t.j.e.s.TransferJobExecutorApplication 654 -- No active profile set, falling back to default profiles: default
2019-09-27 21:58:00,033 [DEBUG]--[6376b17b8ddd4714a62dce392abbfd14] o.m.spring.mapper.ClassPathMapperScanner 437 -- Identified candidate component class: file [G:\hydra-transfer-job-executor\hydra-transfer-job-executor\hydra-transfer-job-executor-server\target\classes\net\app315\hydra\transfer\job\executor\server\mysql\mapper\MSyscorpMapper.class]
2019-09-27 21:58:00,034 [DEBUG]--[6376b17b8ddd4714a62dce392abbfd14] o.m.spring.mapper.ClassPathMapperScanner 437 -- Identified candidate component class: file [G:\hydra-transfer-job-executor\hydra-transfer-job-executor\hydra-transfer-job-executor-server\target\classes\net\app315\hydra\transfer\job\executor\server\sqlserver\mapper\SysCorpMapper.class]
2019-09-27 21:58:00,036 [DEBUG]--[6376b17b8ddd4714a62dce392abbfd14] o.m.spring.mapper.ClassPathMapperScanner 49 -- Creating MapperFactoryBean with name 'MSyscorpMapper' and 'net.app315.hydra.transfer.job.executor.server.mysql.mapper.MSyscorpMapper' mapperInterface
2019-09-27 21:58:00,036 [DEBUG]--[6376b17b8ddd4714a62dce392abbfd14] o.m.spring.mapper.ClassPathMapperScanner 49 -- Creating MapperFactoryBean with name 'sysCorpMapper' and 'net.app315.hydra.transfer.job.executor.server.sqlserver.mapper.SysCorpMapper' mapperInterface
2019-09-27 21:58:04,496 [DEBUG]--[6376b17b8ddd4714a62dce392abbfd14] org.mybatis.spring.SqlSessionFactoryBean 49 -- Parsed mapper file: 'file [G:\hydra-transfer-job-executor\hydra-transfer-job-executor\hydra-transfer-job-executor-server\target\classes\mapper\MSyscorpMapper.xml]'
2019-09-27 21:58:08,035 [INFO ]--[6376b17b8ddd4714a62dce392abbfd14] n.a.h.t.j.e.server.config.XxlJobConfig 43 -- >>>>>>>>>>> xxl-job config init.
2019-09-27 21:58:14,605 [INFO ]--[6376b17b8ddd4714a62dce392abbfd14] n.a.h.t.j.e.s.r.c.ExampleConsumerMqConfig 50 -- test consumer is start !!! groupName:A-TO-B,topic:A-TO-B,namesrvAddr:rocketmq:9876
2019-09-27 21:58:14,894 [INFO ]--[6376b17b8ddd4714a62dce392abbfd14] n.a.h.t.j.e.s.r.p.ExampleProducerMqConfig 40 -- bill producer is start ! groupName:[A-TO-BILL],namesrvAddr:[rocketmq:9876]
2019-09-27 21:58:19,050 [INFO ]--[6376b17b8ddd4714a62dce392abbfd14] n.a.h.t.j.e.s.TransferJobExecutorApplication 59 -- Started TransferJobExecutorApplication in 62.813 seconds (JVM running for 65.71)
2019-09-27 21:58:28,852 [INFO ]--[6376b17b8ddd4714a62dce392abbfd14] n.a.h.t.j.e.server.util.AspectUtil 28 -- $Proxy121.selectList开始
2019-09-27 21:58:28,854 [INFO ]--[6376b17b8ddd4714a62dce392abbfd14] n.a.h.t.j.e.server.util.AspectUtil 33 -- 方法请求参数 : $Proxy121.selectList([com.baomidou.mybatisplus.core.toolkit.Wrappers$EmptyWrapper@264a861e])
2019-09-27 21:58:28,863 [DEBUG]--[6376b17b8ddd4714a62dce392abbfd14] org.mybatis.spring.SqlSessionUtils 49 -- Creating a new SqlSession
2019-09-27 21:58:28,872 [DEBUG]--[6376b17b8ddd4714a62dce392abbfd14] org.mybatis.spring.SqlSessionUtils 49 -- SqlSession [org.apache.ibatis.session.defaults.DefaultSqlSession@8ab64ec] was not registered for synchronization because synchronization is not active
2019-09-27 21:58:28,908 [DEBUG]--[6376b17b8ddd4714a62dce392abbfd14] o.m.s.t.SpringManagedTransaction 49 -- JDBC Connection [com.alibaba.druid.proxy.jdbc.ConnectionProxyImpl@6592bd03] will not be managed by Spring
2019-09-27 21:58:28,920 [DEBUG]--[6376b17b8ddd4714a62dce392abbfd14] n.a.h.t.j.e.s.m.m.M.selectList 159 -- ==>  Preparing: SELECT corp_id,corp_name,corp_code,manager,manger_phone,phone,address,email,post_code,fax,web_site,region_code,longitude,latitude,mall_template_id,mall_logo,mall_name,mall_info,license_img,organize_img,tax_img,wei_xin_app_id,wei_xin_app_secret,wei_xin_pay_sign_key,alipay_id,alipay_id_status,qualification,status,audit_info,audit_submit_time,audit_pass_time,note,create_by,create_time,last_update_by,last_update_time,corp_type,operators_id,expiry_date,tao_bao_id,source,province,city,district,zoom,system_setting_id,industry_type_id,add_to_sub_sys_landing,page_theme_id,logo_image,back_image,logo_title,option_edit_power,selected_systems,is_use_default_system_setting AS useDefaultSystemSetting FROM SysCorp 
2019-09-27 21:58:28,959 [DEBUG]--[6376b17b8ddd4714a62dce392abbfd14] n.a.h.t.j.e.s.m.m.M.selectList 159 -- ==> Parameters: 
2019-09-27 21:58:29,032 [DEBUG]--[6376b17b8ddd4714a62dce392abbfd14] n.a.h.t.j.e.s.m.m.M.selectList 159 -- <==      Total: 423
2019-09-27 21:58:29,034 [DEBUG]--[6376b17b8ddd4714a62dce392abbfd14] org.mybatis.spring.SqlSessionUtils 49 -- Closing non transactional SqlSession [org.apache.ibatis.session.defaults.DefaultSqlSession@8ab64ec]
2019-09-27 22:01:06,767 [INFO ]--[2c50449362414e03b3a4da7f96978257] n.a.h.t.j.e.s.TransferJobExecutorApplication 654 -- No active profile set, falling back to default profiles: default
2019-09-27 22:01:07,470 [DEBUG]--[2c50449362414e03b3a4da7f96978257] o.m.spring.mapper.ClassPathMapperScanner 437 -- Identified candidate component class: file [G:\hydra-transfer-job-executor\hydra-transfer-job-executor\hydra-transfer-job-executor-server\target\classes\net\app315\hydra\transfer\job\executor\server\mysql\mapper\MSyscorpMapper.class]
2019-09-27 22:01:07,471 [DEBUG]--[2c50449362414e03b3a4da7f96978257] o.m.spring.mapper.ClassPathMapperScanner 437 -- Identified candidate component class: file [G:\hydra-transfer-job-executor\hydra-transfer-job-executor\hydra-transfer-job-executor-server\target\classes\net\app315\hydra\transfer\job\executor\server\sqlserver\mapper\SysCorpMapper.class]
2019-09-27 22:01:07,472 [DEBUG]--[2c50449362414e03b3a4da7f96978257] o.m.spring.mapper.ClassPathMapperScanner 49 -- Creating MapperFactoryBean with name 'MSyscorpMapper' and 'net.app315.hydra.transfer.job.executor.server.mysql.mapper.MSyscorpMapper' mapperInterface
2019-09-27 22:01:07,472 [DEBUG]--[2c50449362414e03b3a4da7f96978257] o.m.spring.mapper.ClassPathMapperScanner 49 -- Creating MapperFactoryBean with name 'sysCorpMapper' and 'net.app315.hydra.transfer.job.executor.server.sqlserver.mapper.SysCorpMapper' mapperInterface
2019-09-27 22:01:10,253 [DEBUG]--[2c50449362414e03b3a4da7f96978257] org.mybatis.spring.SqlSessionFactoryBean 49 -- Parsed mapper file: 'file [G:\hydra-transfer-job-executor\hydra-transfer-job-executor\hydra-transfer-job-executor-server\target\classes\mapper\MSyscorpMapper.xml]'
2019-09-27 22:01:11,360 [INFO ]--[2c50449362414e03b3a4da7f96978257] n.a.h.t.j.e.server.config.XxlJobConfig 43 -- >>>>>>>>>>> xxl-job config init.
2019-09-27 22:01:18,636 [INFO ]--[2c50449362414e03b3a4da7f96978257] n.a.h.t.j.e.s.r.c.ExampleConsumerMqConfig 50 -- test consumer is start !!! groupName:A-TO-B,topic:A-TO-B,namesrvAddr:rocketmq:9876
2019-09-27 22:01:18,935 [INFO ]--[2c50449362414e03b3a4da7f96978257] n.a.h.t.j.e.s.r.p.ExampleProducerMqConfig 40 -- bill producer is start ! groupName:[A-TO-BILL],namesrvAddr:[rocketmq:9876]
2019-09-27 22:01:22,854 [INFO ]--[2c50449362414e03b3a4da7f96978257] n.a.h.t.j.e.s.TransferJobExecutorApplication 59 -- Started TransferJobExecutorApplication in 57.958 seconds (JVM running for 61.599)
2019-09-27 22:01:53,205 [DEBUG]--[2c50449362414e03b3a4da7f96978257] org.mybatis.spring.SqlSessionUtils 49 -- Creating a new SqlSession
2019-09-27 22:01:53,212 [DEBUG]--[2c50449362414e03b3a4da7f96978257] org.mybatis.spring.SqlSessionUtils 49 -- SqlSession [org.apache.ibatis.session.defaults.DefaultSqlSession@17c9853f] was not registered for synchronization because synchronization is not active
